<?xml version="1.0" encoding="UTF-8"?>
<testng-results skipped="0" failed="0" ignored="0" total="6" passed="6">
  <reporter-output>
  </reporter-output>
  <suite name="Suite" duration-ms="129653" started-at="2021-02-17T23:19:18 ACDT" finished-at="2021-02-17T23:21:27 ACDT">
    <groups>
    </groups>
    <test name="ChromeTest" duration-ms="67566" started-at="2021-02-17T23:19:18 ACDT" finished-at="2021-02-17T23:20:25 ACDT">
      <class name="com.tictoc.testcases.VerifySavingsDDT">
        <test-method status="PASS" signature="launchApp(java.lang.String)[pri:0, instance:com.tictoc.testcases.VerifySavingsDDT@3bd82cf5]" name="launchApp" is-config="true" duration-ms="7845" started-at="2021-02-17T23:19:18 ACDT" finished-at="2021-02-17T23:19:26 ACDT">
          <params>
            <param index="0">
              <value>
                <![CDATA[chrome]]>
              </value>
            </param>
          </params>
          <reporter-output>
          </reporter-output>
        </test-method> <!-- launchApp -->
        <test-method status="PASS" signature="initTestReport(java.lang.String)[pri:0, instance:com.tictoc.testcases.VerifySavingsDDT@3bd82cf5]" name="initTestReport" is-config="true" duration-ms="1321" started-at="2021-02-17T23:19:26 ACDT" depends-on-methods="com.tictoc.testcases.VerifySavingsDDT.launchApp" finished-at="2021-02-17T23:19:27 ACDT">
          <params>
            <param index="0">
              <value>
                <![CDATA[Verify Loan Calc - Chrome]]>
              </value>
            </param>
          </params>
          <reporter-output>
          </reporter-output>
        </test-method> <!-- initTestReport -->
        <test-method status="PASS" signature="VerifyRefiSavings(java.lang.String, java.lang.String, java.lang.String, java.lang.String)[pri:0, instance:com.tictoc.testcases.VerifySavingsDDT@3bd82cf5]" name="VerifyRefiSavings" duration-ms="17442" started-at="2021-02-17T23:19:29 ACDT" data-provider="calcdata" finished-at="2021-02-17T23:19:46 ACDT">
          <params>
            <param index="0">
              <value>
                <![CDATA[276622]]>
              </value>
            </param>
            <param index="1">
              <value>
                <![CDATA[2.191]]>
              </value>
            </param>
            <param index="2">
              <value>
                <![CDATA[11]]>
              </value>
            </param>
            <param index="3">
              <value>
                <![CDATA[2.19]]>
              </value>
            </param>
          </params>
          <reporter-output>
          </reporter-output>
        </test-method> <!-- VerifyRefiSavings -->
        <test-method status="PASS" signature="VerifyRefiSavings(java.lang.String, java.lang.String, java.lang.String, java.lang.String)[pri:0, instance:com.tictoc.testcases.VerifySavingsDDT@3bd82cf5]" name="VerifyRefiSavings" duration-ms="16895" started-at="2021-02-17T23:19:46 ACDT" data-provider="calcdata" finished-at="2021-02-17T23:20:03 ACDT">
          <params>
            <param index="0">
              <value>
                <![CDATA[536800]]>
              </value>
            </param>
            <param index="1">
              <value>
                <![CDATA[2.02]]>
              </value>
            </param>
            <param index="2">
              <value>
                <![CDATA[20]]>
              </value>
            </param>
            <param index="3">
              <value>
                <![CDATA[2.19]]>
              </value>
            </param>
          </params>
          <reporter-output>
          </reporter-output>
        </test-method> <!-- VerifyRefiSavings -->
        <test-method status="PASS" signature="VerifyRefiSavings(java.lang.String, java.lang.String, java.lang.String, java.lang.String)[pri:0, instance:com.tictoc.testcases.VerifySavingsDDT@3bd82cf5]" name="VerifyRefiSavings" duration-ms="20781" started-at="2021-02-17T23:20:03 ACDT" data-provider="calcdata" finished-at="2021-02-17T23:20:24 ACDT">
          <params>
            <param index="0">
              <value>
                <![CDATA[798100]]>
              </value>
            </param>
            <param index="1">
              <value>
                <![CDATA[2.66]]>
              </value>
            </param>
            <param index="2">
              <value>
                <![CDATA[25]]>
              </value>
            </param>
            <param index="3">
              <value>
                <![CDATA[2.99]]>
              </value>
            </param>
          </params>
          <reporter-output>
          </reporter-output>
        </test-method> <!-- VerifyRefiSavings -->
        <test-method status="FAIL" signature="closeApp()[pri:0, instance:com.tictoc.testcases.VerifySavingsDDT@3bd82cf5]" name="closeApp" is-config="true" duration-ms="1471" started-at="2021-02-17T23:20:24 ACDT" finished-at="2021-02-17T23:20:25 ACDT">
          <exception class="java.lang.AssertionError">
            <message>
              <![CDATA[null]]>
            </message>
            <full-stacktrace>
              <![CDATA[java.lang.AssertionError: null
at org.testng.Assert.fail(Assert.java:99)
at org.testng.Assert.fail(Assert.java:106)
at com.common.TestReporting.ExtentReport.syncReportResult(ExtentReport.java:69)
at com.common.TestReporting.ExtentReport.flushReports(ExtentReport.java:61)
at com.tictoc.testcases.VerifySavingsDDT.closeApp(VerifySavingsDDT.java:77)
at sun.reflect.NativeMethodAccessorImpl.invoke0(Native Method)
at sun.reflect.NativeMethodAccessorImpl.invoke(Unknown Source)
at sun.reflect.DelegatingMethodAccessorImpl.invoke(Unknown Source)
at java.lang.reflect.Method.invoke(Unknown Source)
at org.testng.internal.MethodInvocationHelper.invokeMethod(MethodInvocationHelper.java:132)
at org.testng.internal.MethodInvocationHelper.invokeMethodConsideringTimeout(MethodInvocationHelper.java:61)
at org.testng.internal.ConfigInvoker.invokeConfigurationMethod(ConfigInvoker.java:366)
at org.testng.internal.ConfigInvoker.invokeConfigurations(ConfigInvoker.java:320)
at org.testng.internal.TestMethodWorker.invokeAfterClassMethods(TestMethodWorker.java:217)
at org.testng.internal.TestMethodWorker.run(TestMethodWorker.java:130)
at java.util.ArrayList.forEach(Unknown Source)
at org.testng.TestRunner.privateRun(TestRunner.java:764)
at org.testng.TestRunner.run(TestRunner.java:585)
at org.testng.SuiteRunner.runTest(SuiteRunner.java:384)
at org.testng.SuiteRunner.runSequentially(SuiteRunner.java:378)
at org.testng.SuiteRunner.privateRun(SuiteRunner.java:337)
at org.testng.SuiteRunner.run(SuiteRunner.java:286)
at org.testng.SuiteRunnerWorker.runSuite(SuiteRunnerWorker.java:53)
at org.testng.SuiteRunnerWorker.run(SuiteRunnerWorker.java:96)
at org.testng.TestNG.runSuitesSequentially(TestNG.java:1218)
at org.testng.TestNG.runSuitesLocally(TestNG.java:1140)
at org.testng.TestNG.runSuites(TestNG.java:1069)
at org.testng.TestNG.run(TestNG.java:1037)
at org.testng.remote.AbstractRemoteTestNG.run(AbstractRemoteTestNG.java:115)
at org.testng.remote.RemoteTestNG.initAndRun(RemoteTestNG.java:251)
at org.testng.remote.RemoteTestNG.main(RemoteTestNG.java:77)
]]>
            </full-stacktrace>
          </exception> <!-- java.lang.AssertionError -->
          <reporter-output>
          </reporter-output>
        </test-method> <!-- closeApp -->
      </class> <!-- com.tictoc.testcases.VerifySavingsDDT -->
    </test> <!-- ChromeTest -->
    <test name="EdgeTest" duration-ms="62059" started-at="2021-02-17T23:20:25 ACDT" finished-at="2021-02-17T23:21:27 ACDT">
      <class name="com.tictoc.testcases.VerifySavingsDDT">
        <test-method status="PASS" signature="launchApp(java.lang.String)[pri:0, instance:com.tictoc.testcases.VerifySavingsDDT@394df057]" name="launchApp" is-config="true" duration-ms="6334" started-at="2021-02-17T23:20:25 ACDT" finished-at="2021-02-17T23:20:32 ACDT">
          <params>
            <param index="0">
              <value>
                <![CDATA[Edge]]>
              </value>
            </param>
          </params>
          <reporter-output>
          </reporter-output>
        </test-method> <!-- launchApp -->
        <test-method status="PASS" signature="initTestReport(java.lang.String)[pri:0, instance:com.tictoc.testcases.VerifySavingsDDT@394df057]" name="initTestReport" is-config="true" duration-ms="1" started-at="2021-02-17T23:20:32 ACDT" depends-on-methods="com.tictoc.testcases.VerifySavingsDDT.launchApp" finished-at="2021-02-17T23:20:32 ACDT">
          <params>
            <param index="0">
              <value>
                <![CDATA[Verify Loan Calc - Edge]]>
              </value>
            </param>
          </params>
          <reporter-output>
          </reporter-output>
        </test-method> <!-- initTestReport -->
        <test-method status="PASS" signature="VerifyRefiSavings(java.lang.String, java.lang.String, java.lang.String, java.lang.String)[pri:0, instance:com.tictoc.testcases.VerifySavingsDDT@394df057]" name="VerifyRefiSavings" duration-ms="16971" started-at="2021-02-17T23:20:32 ACDT" data-provider="calcdata" finished-at="2021-02-17T23:20:49 ACDT">
          <params>
            <param index="0">
              <value>
                <![CDATA[276622]]>
              </value>
            </param>
            <param index="1">
              <value>
                <![CDATA[2.191]]>
              </value>
            </param>
            <param index="2">
              <value>
                <![CDATA[11]]>
              </value>
            </param>
            <param index="3">
              <value>
                <![CDATA[2.19]]>
              </value>
            </param>
          </params>
          <reporter-output>
          </reporter-output>
        </test-method> <!-- VerifyRefiSavings -->
        <test-method status="PASS" signature="VerifyRefiSavings(java.lang.String, java.lang.String, java.lang.String, java.lang.String)[pri:0, instance:com.tictoc.testcases.VerifySavingsDDT@394df057]" name="VerifyRefiSavings" duration-ms="16920" started-at="2021-02-17T23:20:49 ACDT" data-provider="calcdata" finished-at="2021-02-17T23:21:05 ACDT">
          <params>
            <param index="0">
              <value>
                <![CDATA[536800]]>
              </value>
            </param>
            <param index="1">
              <value>
                <![CDATA[2.02]]>
              </value>
            </param>
            <param index="2">
              <value>
                <![CDATA[20]]>
              </value>
            </param>
            <param index="3">
              <value>
                <![CDATA[2.19]]>
              </value>
            </param>
          </params>
          <reporter-output>
          </reporter-output>
        </test-method> <!-- VerifyRefiSavings -->
        <test-method status="PASS" signature="VerifyRefiSavings(java.lang.String, java.lang.String, java.lang.String, java.lang.String)[pri:0, instance:com.tictoc.testcases.VerifySavingsDDT@394df057]" name="VerifyRefiSavings" duration-ms="20786" started-at="2021-02-17T23:21:05 ACDT" data-provider="calcdata" finished-at="2021-02-17T23:21:26 ACDT">
          <params>
            <param index="0">
              <value>
                <![CDATA[798100]]>
              </value>
            </param>
            <param index="1">
              <value>
                <![CDATA[2.66]]>
              </value>
            </param>
            <param index="2">
              <value>
                <![CDATA[25]]>
              </value>
            </param>
            <param index="3">
              <value>
                <![CDATA[2.99]]>
              </value>
            </param>
          </params>
          <reporter-output>
          </reporter-output>
        </test-method> <!-- VerifyRefiSavings -->
        <test-method status="FAIL" signature="closeApp()[pri:0, instance:com.tictoc.testcases.VerifySavingsDDT@394df057]" name="closeApp" is-config="true" duration-ms="1010" started-at="2021-02-17T23:21:26 ACDT" finished-at="2021-02-17T23:21:27 ACDT">
          <exception class="java.lang.AssertionError">
            <message>
              <![CDATA[null]]>
            </message>
            <full-stacktrace>
              <![CDATA[java.lang.AssertionError: null
at org.testng.Assert.fail(Assert.java:99)
at org.testng.Assert.fail(Assert.java:106)
at com.common.TestReporting.ExtentReport.syncReportResult(ExtentReport.java:69)
at com.common.TestReporting.ExtentReport.flushReports(ExtentReport.java:61)
at com.tictoc.testcases.VerifySavingsDDT.closeApp(VerifySavingsDDT.java:77)
at sun.reflect.NativeMethodAccessorImpl.invoke0(Native Method)
at sun.reflect.NativeMethodAccessorImpl.invoke(Unknown Source)
at sun.reflect.DelegatingMethodAccessorImpl.invoke(Unknown Source)
at java.lang.reflect.Method.invoke(Unknown Source)
at org.testng.internal.MethodInvocationHelper.invokeMethod(MethodInvocationHelper.java:132)
at org.testng.internal.MethodInvocationHelper.invokeMethodConsideringTimeout(MethodInvocationHelper.java:61)
at org.testng.internal.ConfigInvoker.invokeConfigurationMethod(ConfigInvoker.java:366)
at org.testng.internal.ConfigInvoker.invokeConfigurations(ConfigInvoker.java:320)
at org.testng.internal.TestMethodWorker.invokeAfterClassMethods(TestMethodWorker.java:217)
at org.testng.internal.TestMethodWorker.run(TestMethodWorker.java:130)
at java.util.ArrayList.forEach(Unknown Source)
at org.testng.TestRunner.privateRun(TestRunner.java:764)
at org.testng.TestRunner.run(TestRunner.java:585)
at org.testng.SuiteRunner.runTest(SuiteRunner.java:384)
at org.testng.SuiteRunner.runSequentially(SuiteRunner.java:378)
at org.testng.SuiteRunner.privateRun(SuiteRunner.java:337)
at org.testng.SuiteRunner.run(SuiteRunner.java:286)
at org.testng.SuiteRunnerWorker.runSuite(SuiteRunnerWorker.java:53)
at org.testng.SuiteRunnerWorker.run(SuiteRunnerWorker.java:96)
at org.testng.TestNG.runSuitesSequentially(TestNG.java:1218)
at org.testng.TestNG.runSuitesLocally(TestNG.java:1140)
at org.testng.TestNG.runSuites(TestNG.java:1069)
at org.testng.TestNG.run(TestNG.java:1037)
at org.testng.remote.AbstractRemoteTestNG.run(AbstractRemoteTestNG.java:115)
at org.testng.remote.RemoteTestNG.initAndRun(RemoteTestNG.java:251)
at org.testng.remote.RemoteTestNG.main(RemoteTestNG.java:77)
]]>
            </full-stacktrace>
          </exception> <!-- java.lang.AssertionError -->
          <reporter-output>
          </reporter-output>
        </test-method> <!-- closeApp -->
      </class> <!-- com.tictoc.testcases.VerifySavingsDDT -->
    </test> <!-- EdgeTest -->
  </suite> <!-- Suite -->
</testng-results>
