<?xml version="1.0" encoding="UTF-8"?>
<!-- Generated by org.testng.reporters.JUnitXMLReporter -->
<testsuite hostname="DESKTOP-KKIOJ2D" ignored="0" name="Default test" tests="3" failures="0" timestamp="2021-02-17T21:17:51 ACDT" time="0.489" errors="0">
  <testcase name="@BeforeClass launchApp" time="-1.61355887059E9" classname="com.tictoc.testcases.VerifySavingsDDT">
    <failure type="org.testng.TestNGException" message="
Parameter &amp;apos;selectedbrowser&amp;apos; is required by BeforeClass on method launchApp but has not been marked @Optional or defined
in C:\Users\JoshZhuang\AppData\Local\Temp\testng-eclipse--2071475906\testng-customsuite.xml">
      <![CDATA[org.testng.TestNGException: 
Parameter 'selectedbrowser' is required by BeforeClass on method launchApp but has not been marked @Optional or defined
in C:\Users\JoshZhuang\AppData\Local\Temp\testng-eclipse--2071475906\testng-customsuite.xml
at org.testng.internal.Parameters.createParams(Parameters.java:268)
at org.testng.internal.Parameters.createParametersForMethod(Parameters.java:356)
at org.testng.internal.Parameters.createParameters(Parameters.java:700)
at org.testng.internal.Parameters.createConfigurationParameters(Parameters.java:166)
at org.testng.internal.ConfigInvoker.invokeConfigurations(ConfigInvoker.java:301)
at org.testng.internal.TestMethodWorker.invokeBeforeClassMethods(TestMethodWorker.java:176)
at org.testng.internal.TestMethodWorker.run(TestMethodWorker.java:122)
at java.util.ArrayList.forEach(Unknown Source)
at org.testng.TestRunner.privateRun(TestRunner.java:764)
at org.testng.TestRunner.run(TestRunner.java:585)
at org.testng.SuiteRunner.runTest(SuiteRunner.java:384)
at org.testng.SuiteRunner.runSequentially(SuiteRunner.java:378)
at org.testng.SuiteRunner.privateRun(SuiteRunner.java:337)
at org.testng.SuiteRunner.run(SuiteRunner.java:286)
at org.testng.SuiteRunnerWorker.runSuite(SuiteRunnerWorker.java:53)
at org.testng.SuiteRunnerWorker.run(SuiteRunnerWorker.java:96)
at org.testng.TestNG.runSuitesSequentially(TestNG.java:1218)
at org.testng.TestNG.runSuitesLocally(TestNG.java:1140)
at org.testng.TestNG.runSuites(TestNG.java:1069)
at org.testng.TestNG.run(TestNG.java:1037)
at org.testng.remote.AbstractRemoteTestNG.run(AbstractRemoteTestNG.java:115)
at org.testng.remote.RemoteTestNG.initAndRun(RemoteTestNG.java:251)
at org.testng.remote.RemoteTestNG.main(RemoteTestNG.java:77)
]]>
    </failure>
  </testcase> <!-- @BeforeClass launchApp -->
  <testcase name="@BeforeClass initTestReport" time="-1.613558870601E9" classname="com.tictoc.testcases.VerifySavingsDDT">
    <skipped/>
  </testcase> <!-- @BeforeClass initTestReport -->
  <testcase name="@AfterClass closeApp" time="-1.61355887106E9" classname="com.tictoc.testcases.VerifySavingsDDT">
    <skipped/>
  </testcase> <!-- @AfterClass closeApp -->
  <testcase name="VerifyRefiSavings" time="0.0" classname="com.tictoc.testcases.VerifySavingsDDT">
    <skipped/>
  </testcase> <!-- VerifyRefiSavings -->
  <testcase name="VerifyRefiSavings" time="0.0" classname="com.tictoc.testcases.VerifySavingsDDT">
    <skipped/>
  </testcase> <!-- VerifyRefiSavings -->
  <testcase name="VerifyRefiSavings" time="0.0" classname="com.tictoc.testcases.VerifySavingsDDT">
    <skipped/>
  </testcase> <!-- VerifyRefiSavings -->
</testsuite> <!-- Default test -->
