<?xml version="1.0" encoding="UTF-8"?>
<!-- Generated by org.testng.reporters.JUnitReportReporter -->
<testsuite skipped="1" hostname="DESKTOP-KKIOJ2D" name="com.tictoc.testcases.CrossBrowserDemo" tests="2" failures="0" timestamp="2021-02-17T20:43:46 ACDT" time="-1613556864.000" errors="1">
  <testcase name="launchApp" time="-1613556864.000" classname="com.tictoc.testcases.CrossBrowserDemo">
    <error type="org.testng.TestNGException" message="
Parameter &#039;selectedbrowser&#039; is required by BeforeClass on method launchApp but has not been marked @Optional or defined
in C:\Users\JoshZhuang\AppData\Local\Temp\testng-eclipse-315596047\testng-customsuite.xml">
      <![CDATA[org.testng.TestNGException: 
Parameter 'selectedbrowser' is required by BeforeClass on method launchApp but has not been marked @Optional or defined
in C:\Users\JoshZhuang\AppData\Local\Temp\testng-eclipse-315596047\testng-customsuite.xml
at org.testng.internal.Parameters.createParams(Parameters.java:268)
at org.testng.internal.Parameters.createParametersForMethod(Parameters.java:356)
at org.testng.internal.Parameters.createParameters(Parameters.java:700)
at org.testng.internal.Parameters.createConfigurationParameters(Parameters.java:166)
at org.testng.internal.ConfigInvoker.invokeConfigurations(ConfigInvoker.java:301)
at org.testng.internal.TestMethodWorker.invokeBeforeClassMethods(TestMethodWorker.java:176)
at org.testng.internal.TestMethodWorker.run(TestMethodWorker.java:122)
at java.util.ArrayList.forEach(Unknown Source)
at org.testng.TestRunner.privateRun(TestRunner.java:764)
at org.testng.TestRunner.run(TestRunner.java:585)
at org.testng.SuiteRunner.runTest(SuiteRunner.java:384)
at org.testng.SuiteRunner.runSequentially(SuiteRunner.java:378)
at org.testng.SuiteRunner.privateRun(SuiteRunner.java:337)
at org.testng.SuiteRunner.run(SuiteRunner.java:286)
at org.testng.SuiteRunnerWorker.runSuite(SuiteRunnerWorker.java:53)
at org.testng.SuiteRunnerWorker.run(SuiteRunnerWorker.java:96)
at org.testng.TestNG.runSuitesSequentially(TestNG.java:1218)
at org.testng.TestNG.runSuitesLocally(TestNG.java:1140)
at org.testng.TestNG.runSuites(TestNG.java:1069)
at org.testng.TestNG.run(TestNG.java:1037)
at org.testng.remote.AbstractRemoteTestNG.run(AbstractRemoteTestNG.java:115)
at org.testng.remote.RemoteTestNG.initAndRun(RemoteTestNG.java:251)
at org.testng.remote.RemoteTestNG.main(RemoteTestNG.java:77)
]]>
    </error>
  </testcase> <!-- launchApp -->
  <system-out/>
  <testcase name="verifylogger" time="0.000" classname="com.tictoc.testcases.CrossBrowserDemo">
    <skipped/>
  </testcase> <!-- verifylogger -->
  <system-out/>
</testsuite> <!-- com.tictoc.testcases.CrossBrowserDemo -->
